<?xml version="1.0" encoding="UTF-8"?>
<!-- Generated by org.testng.reporters.JUnitXMLReporter -->
<testsuite ignored="0" hostname="DESKTOP-DRN2LNB" failures="0" tests="5" name="Promise" time="6.914" errors="0" timestamp="07 Sep 2020 23:36:45 GMT">
  <testcase classname="TestCases.Tests" name="blankFieldValidation" time="0.758"/>
  <testcase classname="TestCases.Tests" name="login" time="1.091"/>
  <testcase classname="TestCases.Tests" name="addPromise" time="2.985"/>
  <testcase classname="TestCases.Tests" name="verifyPromise" time="1.411"/>
  <testcase classname="TestCases.Tests" name="logout" time="0.617"/>
</testsuite> <!-- Promise -->
