<?xml version="1.0" encoding="UTF-8"?>
<testng-results ignored="0" total="5" passed="5" failed="0" skipped="0">
  <reporter-output>
  </reporter-output>
  <suite started-at="2020-09-07T23:36:38Z" name="Suite" finished-at="2020-09-07T23:36:45Z" duration-ms="6914">
    <groups>
    </groups>
    <test started-at="2020-09-07T23:36:38Z" name="Promise" finished-at="2020-09-07T23:36:45Z" duration-ms="6914">
      <class name="TestCases.Tests">
        <test-method is-config="true" signature="beforeSuite()[pri:0, instance:TestCases.Tests@12d3a4e9]" started-at="2020-09-07T23:36:33Z" name="beforeSuite" finished-at="2020-09-07T23:36:38Z" duration-ms="4643" status="PASS">
          <reporter-output>
          </reporter-output>
        </test-method> <!-- beforeSuite -->
        <test-method signature="blankFieldValidation()[pri:1, instance:TestCases.Tests@12d3a4e9]" started-at="2020-09-07T23:36:38Z" name="blankFieldValidation" finished-at="2020-09-07T23:36:38Z" duration-ms="758" status="PASS">
          <reporter-output>
          </reporter-output>
        </test-method> <!-- blankFieldValidation -->
        <test-method signature="login()[pri:2, instance:TestCases.Tests@12d3a4e9]" started-at="2020-09-07T23:36:38Z" name="login" finished-at="2020-09-07T23:36:39Z" duration-ms="1091" status="PASS">
          <reporter-output>
          </reporter-output>
        </test-method> <!-- login -->
        <test-method signature="addPromise()[pri:3, instance:TestCases.Tests@12d3a4e9]" started-at="2020-09-07T23:36:40Z" name="addPromise" finished-at="2020-09-07T23:36:42Z" duration-ms="2985" status="PASS">
          <reporter-output>
          </reporter-output>
        </test-method> <!-- addPromise -->
        <test-method signature="verifyPromise()[pri:4, instance:TestCases.Tests@12d3a4e9]" started-at="2020-09-07T23:36:42Z" name="verifyPromise" finished-at="2020-09-07T23:36:44Z" duration-ms="1411" status="PASS">
          <reporter-output>
          </reporter-output>
        </test-method> <!-- verifyPromise -->
        <test-method signature="logout()[pri:5, instance:TestCases.Tests@12d3a4e9]" started-at="2020-09-07T23:36:44Z" name="logout" finished-at="2020-09-07T23:36:45Z" duration-ms="617" status="PASS">
          <reporter-output>
          </reporter-output>
        </test-method> <!-- logout -->
        <test-method is-config="true" signature="afterSuite()[pri:0, instance:TestCases.Tests@12d3a4e9]" started-at="2020-09-07T23:36:45Z" name="afterSuite" finished-at="2020-09-07T23:36:45Z" duration-ms="1" status="PASS">
          <reporter-output>
          </reporter-output>
        </test-method> <!-- afterSuite -->
      </class> <!-- TestCases.Tests -->
    </test> <!-- Promise -->
  </suite> <!-- Suite -->
</testng-results>
